evaluate/build/outputs/logs/manifest-merger-debug-report.txt
-- Merging decision tree log ---
manifest
ADDED from src\main\AndroidManifest.xml:1:1-20:12
INJECTED from src\main\AndroidManifest.xml:1:1-20:12
INJECTED from src\main\AndroidManifest.xml:1:1-20:12
INJECTED from src\main\AndroidManifest.xml:1:1-20:12
INJECTED from src\main\AndroidManifest.xml:1:1-20:12
INJECTED from src\main\AndroidManifest.xml:1:1-20:12
INJECTED from src\main\AndroidManifest.xml:1:1-20:12
	package
		ADDED from src\main\AndroidManifest.xml:2:5-32
		INJECTED from src\main\AndroidManifest.xml
		INJECTED from src\main\AndroidManifest.xml
	android:versionName
		INJECTED from src\main\AndroidManifest.xml
		ADDED from src\main\AndroidManifest.xml:1:1-20:12
		INJECTED from src\main\AndroidManifest.xml
	android:versionCode
		INJECTED from src\main\AndroidManifest.xml
		ADDED from src\main\AndroidManifest.xml:1:1-20:12
		INJECTED from src\main\AndroidManifest.xml
	xmlns:android
		ADDED from src\main\AndroidManifest.xml:1:11-69
application
ADDED from src\main\AndroidManifest.xml:4:5-18:19
activity#com.bfhd.evaluate.ui.AudioLessonActivity
ADDED from src\main\AndroidManifest.xml:6:9-10:52
	android:screenOrientation
		ADDED from src\main\AndroidManifest.xml:10:13-49
	android:label
		ADDED from src\main\AndroidManifest.xml:8:13-34
	android:launchMode
		ADDED from src\main\AndroidManifest.xml:9:13-44
	android:name
		ADDED from src\main\AndroidManifest.xml:7:13-68
activity#com.bfhd.evaluate.ui.AudioLessonDetailActivity
ADDED from src\main\AndroidManifest.xml:11:9-15:52
	android:screenOrientation
		ADDED from src\main\AndroidManifest.xml:15:13-49
	android:label
		ADDED from src\main\AndroidManifest.xml:13:13-34
	android:launchMode
		ADDED from src\main\AndroidManifest.xml:14:13-44
	android:name
		ADDED from src\main\AndroidManifest.xml:12:13-74
activity#com.bfhd.rxdemo.RxDemoActivity
ADDED from src\main\AndroidManifest.xml:16:9-67
	android:name
		ADDED from src\main\AndroidManifest.xml:16:19-64
uses-sdk
INJECTED from src\main\AndroidManifest.xml reason: use-sdk injection requested
INJECTED from src\main\AndroidManifest.xml
INJECTED from src\main\AndroidManifest.xml
INJECTED from src\main\AndroidManifest.xml
INJECTED from src\main\AndroidManifest.xml
	android:targetSdkVersion
		INJECTED from src\main\AndroidManifest.xml
		ADDED from src\main\AndroidManifest.xml
		INJECTED from src\main\AndroidManifest.xml
	android:minSdkVersion
		INJECTED from src\main\AndroidManifest.xml
		ADDED from src\main\AndroidManifest.xml
		INJECTED from src\main\AndroidManifest.xml